#
# A fatal error has been detected by the Java Runtime Environment:
#
#  EXCEPTION_ACCESS_VIOLATION (0xc0000005) at pc=0x00007ffa3c60a1b9, pid=10876, tid=7624
#
# JRE version: OpenJDK Runtime Environment Corretto-17.0.10.7.1 (17.0.10+7) (build 17.0.10+7-LTS)
# Java VM: OpenJDK 64-Bit Server VM Corretto-17.0.10.7.1 (17.0.10+7-LTS, mixed mode, sharing, tiered, compressed oops, compressed class ptrs, g1 gc, windows-amd64)
# Problematic frame:
# V  [jvm.dll+0x30a1b9]
#
# No core dump will be written. Minidumps are not enabled by default on client versions of Windows
#
# If you would like to submit a bug report, please visit:
#   https://github.com/corretto/corretto-17/issues/
#

---------------  S U M M A R Y ------------

Command Line: -javaagent:C:\Program Files\JetBrains\IntelliJ IDEA 2022.1.2\lib\idea_rt.jar=51686:C:\Program Files\JetBrains\IntelliJ IDEA 2022.1.2\bin -Dfile.encoding=UTF-8 com.javarush.telegrambot.MyFirstTelegramBot

Host: Intel(R) Core(TM) i7-4500U CPU @ 1.80GHz, 4 cores, 3G,  Windows 8.1 , 64 bit Build 9600 (6.3.9600.20778)
Time: Thu Apr 11 13:21:53 2024 RTZ 2 (зима) elapsed time: 34745.049560 seconds (0d 9h 39m 5s)

---------------  T H R E A D  ---------------

Current thread (0x000000a9e1a37b70):  GCTaskThread "GC Thread#3" [stack: 0x000000a9e9f60000,0x000000a9ea060000] [id=7624]

Stack: [0x000000a9e9f60000,0x000000a9ea060000],  sp=0x000000a9ea05f380,  free space=1020k
Native frames: (J=compiled Java code, j=interpreted, Vv=VM code, C=native code)
V  [jvm.dll+0x30a1b9]
V  [jvm.dll+0x306fae]
V  [jvm.dll+0x319b9f]
V  [jvm.dll+0x1f6924]
V  [jvm.dll+0x306f2b]
V  [jvm.dll+0x1f8fd8]
V  [jvm.dll+0x31ab00]
V  [jvm.dll+0x31a945]
V  [jvm.dll+0x2e1814]
V  [jvm.dll+0x2e32ab]
V  [jvm.dll+0x86228b]
V  [jvm.dll+0x8622d6]
V  [jvm.dll+0x7e3fda]
V  [jvm.dll+0x67c1b5]
C  [ucrtbase.DLL+0x682dd]
C  [KERNEL32.DLL+0x1412]
C  [ntdll.dll+0x15504]


siginfo: EXCEPTION_ACCESS_VIOLATION (0xc0000005), reading address 0x000000009e70a320


Registers:
RAX=0x0000000000000000, RBX=0x00000000c23d0025, RCX=0x0000000000000014, RDX=0x0000000000000000
RSP=0x000000a9ea05f380, RBP=0x00000000000000f2, RSI=0x00000000c23d0024, RDI=0x000000a9e1378bb0
R8 =0x00000000c23cffe8, R9 =0x0000000000000010, R10=0x000000009e70a320, R11=0x0000000000000001
R12=0x000000a9e1301868, R13=0x00000000000003d8, R14=0x0000000000000040, R15=0x0000000000000000
RIP=0x00007ffa3c60a1b9, EFLAGS=0x0000000000010246


Register to memory mapping:

RIP=0x00007ffa3c60a1b9 jvm.dll
RAX=0x0 is NULL
RBX=0x00000000c23d0025 is pointing into object: [Ljava.time.Month; 
{0x00000000c23cffe8} - klass: 'java/time/Month'[]
 - length: 12
RCX=0x0000000000000014 is an unknown value
RDX=0x0 is NULL
RSP=0x000000a9ea05f380 points into unknown readable memory: 0x00000000c45b0000 | 00 00 5b c4 00 00 00 00
RBP=0x00000000000000f2 is an unknown value
RSI=0x00000000c23d0024 is pointing into object: [Ljava.time.Month; 
{0x00000000c23cffe8} - klass: 'java/time/Month'[]
 - length: 12
RDI=0x000000a9e1378bb0 points into unknown readable memory: 0x00007ffa3cc59898 | 98 98 c5 3c fa 7f 00 00
R8 =0x00000000c23cffe8 is an oop: [Ljava.time.Month; 
{0x00000000c23cffe8} - klass: 'java/time/Month'[]
 - length: 12
R9 =0x0000000000000010 is an unknown value
R10=0x000000009e70a320 is an unknown value
R11=0x0000000000000001 is an unknown value
R12=0x000000a9e1301868 points into unknown readable memory: 0x88000600deb68f22 | 22 8f b6 de 00 06 00 88
R13=0x00000000000003d8 is an unknown value
R14=0x0000000000000040 is an unknown value
R15=0x0 is NULL


Top of Stack: (sp=0x000000a9ea05f380)
0x000000a9ea05f380:   00000000c45b0000 0000000000000100
0x000000a9ea05f390:   000000a900000000 0000000000000009
0x000000a9ea05f3a0:   000000a9ea5f69c0 000000a9ea5f69f8
0x000000a9ea05f3b0:   000000a9ea1f11e0 000000a9ea1f1140
0x000000a9ea05f3c0:   0000000000000020 00007ffa3c606fae
0x000000a9ea05f3d0:   0000000000000008 000000a9e1378bb0
0x000000a9ea05f3e0:   000000a9ea5f69f8 00000000000003d8
0x000000a9ea05f3f0:   00000012ea9efa75 000008eb6696b7ee
0x000000a9ea05f400:   000000a9ea1f1140 0000000000000020
0x000000a9ea05f410:   000000a9ea5f69f8 00007ffa3c619b9f
0x000000a9ea05f420:   0000000000000000 00007ffa3cae0100
0x000000a9ea05f430:   0000000000000000 0000003f67593e09
0x000000a9ea05f440:   000000a9ea1f11e0 00007ffa3c4f6924
0x000000a9ea05f450:   0000000000000014 000000a9ea5f6a58
0x000000a9ea05f460:   000000a9e14b3910 000000a9ea5f69f8
0x000000a9ea05f470:   000000a99b8beb20 00007ffa3c606f2b
0x000000a9ea05f480:   000000a9ea5f6a58 000000a9e1483900
0x000000a9ea05f490:   000000a9ea5f6a58 000000a9ea5f6a58
0x000000a9ea05f4a0:   000000a99b422d10 00007ffa3c4f8fd8
0x000000a9ea05f4b0:   000000000000130a 00000000004c2bf4
0x000000a9ea05f4c0:   00000012ea9cc15c 000008eb5db25246
0x000000a9ea05f4d0:   000000a9e1483901 00007ffa3c61ab00
0x000000a9ea05f4e0:   000000a9ea5f6a58 0000000000000000
0x000000a9ea05f4f0:   0000000000000000 000000a99b8beb20
0x000000a9ea05f500:   000000a9ea05f601 00000000009b55f2
0x000000a9ea05f510:   00007ffa3cc56f68 00000012ea9cc15c
0x000000a9ea05f520:   000008eb5db25246 000000a900000003
0x000000a9ea05f530:   000000a9e1483900 000000a900000000
0x000000a9ea05f540:   0000000000000000 0000000000000000
0x000000a9ea05f550:   000000a900000000 000000a9e1378bb0
0x000000a9ea05f560:   00000000000003d8 0000000000000001
0x000000a9ea05f570:   000000a9e1301480 000000a99b8beb20 

Instructions: (pc=0x00007ffa3c60a1b9)
0x00007ffa3c60a0b9:   ff 48 8d 53 fe 48 8b cf e8 6a f4 ff ff e9 35 fd
0x00007ffa3c60a0c9:   ff ff 0f 1f 44 00 00 48 8b 77 10 8b ae 80 00 00
0x00007ffa3c60a0d9:   00 8b cd 8b 86 00 01 00 00 2b c8 81 e1 ff ff 01
0x00007ffa3c60a0e9:   00 41 3b ce 0f 86 e9 02 00 00 ff cd 81 e5 ff ff
0x00007ffa3c60a0f9:   01 00 89 ae 80 00 00 00 e8 5a 45 36 00 90 8b d5
0x00007ffa3c60a109:   8b 86 00 01 00 00 8b cd 48 8b 9e 80 01 00 00 2b
0x00007ffa3c60a119:   c8 81 e1 ff ff 01 00 81 f9 ff ff 01 00 48 8b 1c
0x00007ffa3c60a129:   eb 41 0f 44 cf 85 c9 75 3d 90 89 6c 24 50 48 8b
0x00007ffa3c60a139:   86 00 01 00 00 48 8b c8 48 c1 e9 20 ff c1 89 4c
0x00007ffa3c60a149:   24 54 3b e8 0f 85 77 02 00 00 48 c1 e1 20 48 0b
0x00007ffa3c60a159:   ca f0 48 0f b1 8e 00 01 00 00 0f 85 61 02 00 00
0x00007ffa3c60a169:   8b 86 00 01 00 00 f6 c3 01 0f 84 2f 01 00 00 8b
0x00007ffa3c60a179:   0d 6a d1 80 00 48 8d 73 ff 48 8b 47 08 44 8b 16
0x00007ffa3c60a189:   49 d3 e2 4c 03 15 4d d1 80 00 8b 88 90 05 00 00
0x00007ffa3c60a199:   49 8b d2 48 8b 80 80 05 00 00 48 d3 ea 0f b7 14
0x00007ffa3c60a1a9:   50 0f b7 c2 66 c1 e8 08 84 c0 0f 88 17 ff ff ff
0x00007ffa3c60a1b9:   4d 8b 02 41 0f b6 c0 24 03 3c 03 75 1e 44 38 3d
0x00007ffa3c60a1c9:   c5 92 87 00 74 0f 41 0f b6 c0 24 07 3c 05 75 05
0x00007ffa3c60a1d9:   4d 8b c7 eb 17 49 83 e0 fc eb 11 4d 8b c8 48 8b
0x00007ffa3c60a1e9:   cf 4d 8b c2 e8 2e ef ff ff 4c 8b c0 8b 0d ed d0
0x00007ffa3c60a1f9:   80 00 49 8b d0 48 2b 15 db d0 80 00 48 d3 ea 89
0x00007ffa3c60a209:   16 49 8b d0 8b 0d fd 9a 87 00 48 33 d6 48 d3 ea
0x00007ffa3c60a219:   48 85 d2 0f 84 ae fe ff ff 48 8b 47 08 48 8b d6
0x00007ffa3c60a229:   8b 88 c0 01 00 00 48 8b 80 b0 01 00 00 48 d3 ea
0x00007ffa3c60a239:   48 8b 0c d0 8b 81 94 00 00 00 d1 e8 a8 01 0f 85
0x00007ffa3c60a249:   83 fe ff ff 48 8b 47 08 8b 88 90 05 00 00 48 8b
0x00007ffa3c60a259:   80 80 05 00 00 49 d3 e8 46 38 3c 40 0f 84 65 fe
0x00007ffa3c60a269:   ff ff 48 8b 47 60 48 c1 ee 09 48 8b 58 40 48 8b
0x00007ffa3c60a279:   48 38 48 03 de 48 2b d9 48 39 9f b0 01 00 00 0f
0x00007ffa3c60a289:   84 42 fe ff ff 48 8d 14 0b 48 8d 4f 18 e8 a5 40
0x00007ffa3c60a299:   00 00 48 89 9f b0 01 00 00 e9 29 fe ff ff f6 c3
0x00007ffa3c60a2a9:   03 0f 85 09 01 00 00 48 8b 47 08 4c 8b 13 49 8b 


Stack slot to memory mapping:
stack at sp + 0 slots: 0x00000000c45b0000 is pointing into object: java.util.HashMap$Node 
{0x00000000c45afff8} - klass: 'java/util/HashMap$Node'
 - ---- fields (total size 4 words):
 - final 'hash' 'I' @12  32 (20)
 - final 'key' 'Ljava/lang/Object;' @16  a 'java/lang/Integer'{0x00000000c1d21238} = 32 (c1d21238)
 - 'value' 'Ljava/lang/Object;' @20  a 'java/util/ArrayList'{0x00000000c45b0018} (c45b0018)
 - 'next' 'Ljava/util/HashMap$Node;' @24  a 'java/util/HashMap$Node'{0x00000000c45b00a0} (c45b00a0)
stack at sp + 1 slots: 0x0000000000000100 is an unknown value
stack at sp + 2 slots: 0x000000a900000000 is an unknown value
stack at sp + 3 slots: 0x0000000000000009 is an unknown value
stack at sp + 4 slots: 0x000000a9ea5f69c0 points into unknown readable memory: 0x00007ffa3cc5b340 | 40 b3 c5 3c fa 7f 00 00
stack at sp + 5 slots: 0x000000a9ea5f69f8 points into unknown readable memory: 0x00007ffa3cc5b310 | 10 b3 c5 3c fa 7f 00 00
stack at sp + 6 slots: 0x000000a9ea1f11e0 points into unknown readable memory: 0x00000000c23cfa30 | 30 fa 3c c2 00 00 00 00
stack at sp + 7 slots: 0x000000a9ea1f1140 points into unknown readable memory: 0x00000000c23cf168 | 68 f1 3c c2 00 00 00 00


---------------  P R O C E S S  ---------------

Threads class SMR info:
_java_thread_list=0x000000a9ea26b1a0, length=15, elements={
0x000000a99b559420, 0x000000a99b55a2a0, 0x000000a99b56a9a0, 0x000000a99b56c6d0,
0x000000a99b56d290, 0x000000a99b570c70, 0x000000a99b571870, 0x000000a99b572270,
0x000000a99b5892c0, 0x000000a99b5423c0, 0x000000a9e1483360, 0x000000a9e1e22bf0,
0x000000a9e1e23550, 0x000000a9ffd24a90, 0x000000a9ea643450
}

Java Threads: ( => current thread )
  0x000000a99b559420 JavaThread "Reference Handler" daemon [_thread_blocked, id=8492, stack(0x000000a99b8c0000,0x000000a99b9c0000)]
  0x000000a99b55a2a0 JavaThread "Finalizer" daemon [_thread_blocked, id=5552, stack(0x000000a99b9c0000,0x000000a99bac0000)]
  0x000000a99b56a9a0 JavaThread "Signal Dispatcher" daemon [_thread_blocked, id=6320, stack(0x000000a99bbb0000,0x000000a99bcb0000)]
  0x000000a99b56c6d0 JavaThread "Attach Listener" daemon [_thread_blocked, id=9652, stack(0x000000a99bcb0000,0x000000a99bdb0000)]
  0x000000a99b56d290 JavaThread "Service Thread" daemon [_thread_blocked, id=14004, stack(0x000000a99bdb0000,0x000000a99beb0000)]
  0x000000a99b570c70 JavaThread "Monitor Deflation Thread" daemon [_thread_blocked, id=3112, stack(0x000000a99beb0000,0x000000a99bfb0000)]
  0x000000a99b571870 JavaThread "C2 CompilerThread0" daemon [_thread_blocked, id=12532, stack(0x000000a9e1000000,0x000000a9e1100000)]
  0x000000a99b572270 JavaThread "C1 CompilerThread0" daemon [_thread_blocked, id=8604, stack(0x000000a9e1100000,0x000000a9e1200000)]
  0x000000a99b5892c0 JavaThread "Sweeper thread" daemon [_thread_blocked, id=7556, stack(0x000000a9e1200000,0x000000a9e1300000)]
  0x000000a99b5423c0 JavaThread "Common-Cleaner" daemon [_thread_blocked, id=1196, stack(0x000000a9e1700000,0x000000a9e1800000)]
  0x000000a9e1483360 JavaThread "Notification Thread" daemon [_thread_blocked, id=12184, stack(0x000000a9e2200000,0x000000a9e2300000)]
  0x000000a9e1e22bf0 JavaThread "djyrgfctincnmbot Telegram Connection" [_thread_blocked, id=12860, stack(0x000000a9ea060000,0x000000a9ea160000)]
  0x000000a9e1e23550 JavaThread "djyrgfctincnmbot Telegram Executor" [_thread_blocked, id=17320, stack(0x000000a9eb510000,0x000000a9eb610000)]
  0x000000a9ffd24a90 JavaThread "DestroyJavaVM" [_thread_blocked, id=12776, stack(0x000000a9ff3b0000,0x000000a9ff4b0000)]
  0x000000a9ea643450 JavaThread "pool-1-thread-1" [_thread_blocked, id=11692, stack(0x000000a9eb610000,0x000000a9eb710000)]

Other Threads:
  0x000000a99b550f70 VMThread "VM Thread" [stack: 0x000000a99b7c0000,0x000000a99b8c0000] [id=4296]
  0x000000a9ffd25a50 WatcherThread [stack: 0x000000a9e2300000,0x000000a9e2400000] [id=9064]
  0x000000a9ffd5f730 GCTaskThread "GC Thread#0" [stack: 0x000000a9ffad0000,0x000000a9ffbd0000] [id=14488]
  0x000000a9e1cf72b0 GCTaskThread "GC Thread#1" [stack: 0x000000a9e9e60000,0x000000a9e9f60000] [id=12880]
  0x000000a9e1a44820 GCTaskThread "GC Thread#2" [stack: 0x000000a9e1800000,0x000000a9e1900000] [id=968]
=>0x000000a9e1a37b70 GCTaskThread "GC Thread#3" [stack: 0x000000a9e9f60000,0x000000a9ea060000] [id=7624]
  0x000000a9ffd68300 ConcurrentGCThread "G1 Main Marker" [stack: 0x000000a998d80000,0x000000a998e80000] [id=17300]
  0x000000a9ffd68d20 ConcurrentGCThread "G1 Conc#0" [stack: 0x000000a998e80000,0x000000a998f80000] [id=8472]
  0x000000a9ffdae110 ConcurrentGCThread "G1 Refine#0" [stack: 0x000000a99b5c0000,0x000000a99b6c0000] [id=7104]
  0x000000a9ffdaebb0 ConcurrentGCThread "G1 Service" [stack: 0x000000a99b6c0000,0x000000a99b7c0000] [id=13856]

Threads with active compile tasks:

VM state: at safepoint (normal execution)

VM Mutex/Monitor currently owned by a thread:  ([mutex/lock_event])
[0x000000a9ffd20a40] Threads_lock - owner thread: 0x000000a99b550f70
[0x000000a9ffd20650] Heap_lock - owner thread: 0x000000a9e1e22bf0

Heap address: 0x00000000c1c00000, size: 996 MB, Compressed Oops mode: 32-bit

CDS archive(s) mapped at: [0x000000a99c000000-0x000000a99cbb0000-0x000000a99cbb0000), size 12255232, SharedBaseAddress: 0x000000a99c000000, ArchiveRelocationMode: 1.
Compressed class space mapped at: 0x000000a99d000000-0x000000a9dd000000, reserved size: 1073741824
Narrow klass base: 0x000000a99c000000, Narrow klass shift: 0, Narrow klass range: 0x100000000

GC Precious Log:
 CPUs: 4 total, 4 available
 Memory: 3976M
 Large Page Support: Disabled
 NUMA Support: Disabled
 Compressed Oops: Enabled (32-bit)
 Heap Region Size: 1M
 Heap Min Capacity: 8M
 Heap Initial Capacity: 64M
 Heap Max Capacity: 996M
 Pre-touch: Disabled
 Parallel Workers: 4
 Concurrent Workers: 1
 Concurrent Refinement Workers: 4
 Periodic GC: Disabled

Heap:
 garbage-first heap   total 65536K, used 36617K [0x00000000c1c00000, 0x0000000100000000)
  region size 1024K, 29 young (29696K), 2 survivors (2048K)
 Metaspace       used 17173K, committed 17408K, reserved 1114112K
  class space    used 1810K, committed 1984K, reserved 1048576K

Heap Regions: E=young(eden), S=young(survivor), O=old, HS=humongous(starts), HC=humongous(continues), CS=collection set, F=free, OA=open archive, CA=closed archive, TAMS=top-at-mark-start (previous, next)
|   0|0x00000000c1c00000, 0x00000000c1d00000, 0x00000000c1d00000|100%| O|  |TAMS 0x00000000c1c00000, 0x00000000c1c00000| Untracked 
|   1|0x00000000c1d00000, 0x00000000c1e00000, 0x00000000c1e00000|100%| O|  |TAMS 0x00000000c1d00000, 0x00000000c1d00000| Untracked 
|   2|0x00000000c1e00000, 0x00000000c1f00000, 0x00000000c1f00000|100%| O|  |TAMS 0x00000000c1e00000, 0x00000000c1e00000| Untracked 
|   3|0x00000000c1f00000, 0x00000000c2000000, 0x00000000c2000000|100%| O|  |TAMS 0x00000000c1f00000, 0x00000000c1f00000| Untracked 
|   4|0x00000000c2000000, 0x00000000c2100000, 0x00000000c2100000|100%| O|  |TAMS 0x00000000c2000000, 0x00000000c2000000| Untracked 
|   5|0x00000000c2100000, 0x00000000c2200000, 0x00000000c2200000|100%| O|  |TAMS 0x00000000c2100000, 0x00000000c2100000| Untracked 
|   6|0x00000000c2200000, 0x00000000c2300000, 0x00000000c2300000|100%| O|  |TAMS 0x00000000c2200000, 0x00000000c2200000| Untracked 
|   7|0x00000000c2300000, 0x00000000c2400000, 0x00000000c2400000|100%| O|  |TAMS 0x00000000c2300000, 0x00000000c2300000| Untracked 
|   8|0x00000000c2400000, 0x00000000c2461340, 0x00000000c2500000| 37%| O|  |TAMS 0x00000000c2400000, 0x00000000c2400000| Untracked 
|   9|0x00000000c2500000, 0x00000000c2500000, 0x00000000c2600000|  0%| F|  |TAMS 0x00000000c2500000, 0x00000000c2500000| Untracked 
|  10|0x00000000c2600000, 0x00000000c2600000, 0x00000000c2700000|  0%| F|  |TAMS 0x00000000c2600000, 0x00000000c2600000| Untracked 
|  11|0x00000000c2700000, 0x00000000c2700000, 0x00000000c2800000|  0%| F|  |TAMS 0x00000000c2700000, 0x00000000c2700000| Untracked 
|  12|0x00000000c2800000, 0x00000000c2800000, 0x00000000c2900000|  0%| F|  |TAMS 0x00000000c2800000, 0x00000000c2800000| Untracked 
|  13|0x00000000c2900000, 0x00000000c2900000, 0x00000000c2a00000|  0%| F|  |TAMS 0x00000000c2900000, 0x00000000c2900000| Untracked 
|  14|0x00000000c2a00000, 0x00000000c2a00000, 0x00000000c2b00000|  0%| F|  |TAMS 0x00000000c2a00000, 0x00000000c2a00000| Untracked 
|  15|0x00000000c2b00000, 0x00000000c2b00000, 0x00000000c2c00000|  0%| F|  |TAMS 0x00000000c2b00000, 0x00000000c2b00000| Untracked 
|  16|0x00000000c2c00000, 0x00000000c2c00000, 0x00000000c2d00000|  0%| F|  |TAMS 0x00000000c2c00000, 0x00000000c2c00000| Untracked 
|  17|0x00000000c2d00000, 0x00000000c2d00000, 0x00000000c2e00000|  0%| F|  |TAMS 0x00000000c2d00000, 0x00000000c2d00000| Untracked 
|  18|0x00000000c2e00000, 0x00000000c2e00000, 0x00000000c2f00000|  0%| F|  |TAMS 0x00000000c2e00000, 0x00000000c2e00000| Untracked 
|  19|0x00000000c2f00000, 0x00000000c2f00000, 0x00000000c3000000|  0%| F|  |TAMS 0x00000000c2f00000, 0x00000000c2f00000| Untracked 
|  20|0x00000000c3000000, 0x00000000c3000000, 0x00000000c3100000|  0%| F|  |TAMS 0x00000000c3000000, 0x00000000c3000000| Untracked 
|  21|0x00000000c3100000, 0x00000000c3100000, 0x00000000c3200000|  0%| F|  |TAMS 0x00000000c3100000, 0x00000000c3100000| Untracked 
|  22|0x00000000c3200000, 0x00000000c3200000, 0x00000000c3300000|  0%| F|  |TAMS 0x00000000c3200000, 0x00000000c3200000| Untracked 
|  23|0x00000000c3300000, 0x00000000c3300000, 0x00000000c3400000|  0%| F|  |TAMS 0x00000000c3300000, 0x00000000c3300000| Untracked 
|  24|0x00000000c3400000, 0x00000000c3400000, 0x00000000c3500000|  0%| F|  |TAMS 0x00000000c3400000, 0x00000000c3400000| Untracked 
|  25|0x00000000c3500000, 0x00000000c3500000, 0x00000000c3600000|  0%| F|  |TAMS 0x00000000c3500000, 0x00000000c3500000| Untracked 
|  26|0x00000000c3600000, 0x00000000c3600000, 0x00000000c3700000|  0%| F|  |TAMS 0x00000000c3600000, 0x00000000c3600000| Untracked 
|  27|0x00000000c3700000, 0x00000000c3700000, 0x00000000c3800000|  0%| F|  |TAMS 0x00000000c3700000, 0x00000000c3700000| Untracked 
|  28|0x00000000c3800000, 0x00000000c3800000, 0x00000000c3900000|  0%| F|  |TAMS 0x00000000c3800000, 0x00000000c3800000| Untracked 
|  29|0x00000000c3900000, 0x00000000c3900000, 0x00000000c3a00000|  0%| F|  |TAMS 0x00000000c3900000, 0x00000000c3900000| Untracked 
|  30|0x00000000c3a00000, 0x00000000c3a00000, 0x00000000c3b00000|  0%| F|  |TAMS 0x00000000c3a00000, 0x00000000c3a00000| Untracked 
|  31|0x00000000c3b00000, 0x00000000c3b00000, 0x00000000c3c00000|  0%| F|  |TAMS 0x00000000c3b00000, 0x00000000c3b00000| Untracked 
|  32|0x00000000c3c00000, 0x00000000c3d00000, 0x00000000c3d00000|100%| S|  |TAMS 0x00000000c3c00000, 0x00000000c3c00000| Complete 
|  33|0x00000000c3d00000, 0x00000000c3e00000, 0x00000000c3e00000|100%| S|  |TAMS 0x00000000c3d00000, 0x00000000c3d00000| Complete 
|  34|0x00000000c3e00000, 0x00000000c3f00000, 0x00000000c3f00000|100%| E|CS|TAMS 0x00000000c3e00000, 0x00000000c3e00000| Complete 
|  35|0x00000000c3f00000, 0x00000000c4000000, 0x00000000c4000000|100%| E|CS|TAMS 0x00000000c3f00000, 0x00000000c3f00000| Complete 
|  36|0x00000000c4000000, 0x00000000c4100000, 0x00000000c4100000|100%| E|CS|TAMS 0x00000000c4000000, 0x00000000c4000000| Complete 
|  37|0x00000000c4100000, 0x00000000c4200000, 0x00000000c4200000|100%| E|CS|TAMS 0x00000000c4100000, 0x00000000c4100000| Complete 
|  38|0x00000000c4200000, 0x00000000c4300000, 0x00000000c4300000|100%| E|CS|TAMS 0x00000000c4200000, 0x00000000c4200000| Complete 
|  39|0x00000000c4300000, 0x00000000c43d6d80, 0x00000000c4400000| 83%| E|CS|TAMS 0x00000000c4300000, 0x00000000c4300000| Complete 
|  40|0x00000000c4400000, 0x00000000c4500000, 0x00000000c4500000|100%| E|CS|TAMS 0x00000000c4400000, 0x00000000c4400000| Complete 
|  41|0x00000000c4500000, 0x00000000c4600000, 0x00000000c4600000|100%| E|CS|TAMS 0x00000000c4500000, 0x00000000c4500000| Complete 
|  42|0x00000000c4600000, 0x00000000c4700000, 0x00000000c4700000|100%| E|CS|TAMS 0x00000000c4600000, 0x00000000c4600000| Complete 
|  43|0x00000000c4700000, 0x00000000c4800000, 0x00000000c4800000|100%| E|CS|TAMS 0x00000000c4700000, 0x00000000c4700000| Complete 
|  44|0x00000000c4800000, 0x00000000c4900000, 0x00000000c4900000|100%| E|CS|TAMS 0x00000000c4800000, 0x00000000c4800000| Complete 
|  45|0x00000000c4900000, 0x00000000c4a00000, 0x00000000c4a00000|100%| E|CS|TAMS 0x00000000c4900000, 0x00000000c4900000| Complete 
|  46|0x00000000c4a00000, 0x00000000c4b00000, 0x00000000c4b00000|100%| E|CS|TAMS 0x00000000c4a00000, 0x00000000c4a00000| Complete 
|  47|0x00000000c4b00000, 0x00000000c4c00000, 0x00000000c4c00000|100%| E|CS|TAMS 0x00000000c4b00000, 0x00000000c4b00000| Complete 
|  48|0x00000000c4c00000, 0x00000000c4d00000, 0x00000000c4d00000|100%| E|CS|TAMS 0x00000000c4c00000, 0x00000000c4c00000| Complete 
|  49|0x00000000c4d00000, 0x00000000c4e00000, 0x00000000c4e00000|100%| E|CS|TAMS 0x00000000c4d00000, 0x00000000c4d00000| Complete 
|  50|0x00000000c4e00000, 0x00000000c4f00000, 0x00000000c4f00000|100%| E|CS|TAMS 0x00000000c4e00000, 0x00000000c4e00000| Complete 
|  51|0x00000000c4f00000, 0x00000000c5000000, 0x00000000c5000000|100%| E|CS|TAMS 0x00000000c4f00000, 0x00000000c4f00000| Complete 
|  52|0x00000000c5000000, 0x00000000c5100000, 0x00000000c5100000|100%| E|CS|TAMS 0x00000000c5000000, 0x00000000c5000000| Complete 
|  53|0x00000000c5100000, 0x00000000c5200000, 0x00000000c5200000|100%| E|CS|TAMS 0x00000000c5100000, 0x00000000c5100000| Complete 
|  54|0x00000000c5200000, 0x00000000c5300000, 0x00000000c5300000|100%| E|CS|TAMS 0x00000000c5200000, 0x00000000c5200000| Complete 
|  55|0x00000000c5300000, 0x00000000c5400000, 0x00000000c5400000|100%| E|CS|TAMS 0x00000000c5300000, 0x00000000c5300000| Complete 
|  56|0x00000000c5400000, 0x00000000c5500000, 0x00000000c5500000|100%| E|CS|TAMS 0x00000000c5400000, 0x00000000c5400000| Complete 
|  57|0x00000000c5500000, 0x00000000c5600000, 0x00000000c5600000|100%| E|CS|TAMS 0x00000000c5500000, 0x00000000c5500000| Complete 
|  58|0x00000000c5600000, 0x00000000c5700000, 0x00000000c5700000|100%| E|CS|TAMS 0x00000000c5600000, 0x00000000c5600000| Complete 
|  59|0x00000000c5700000, 0x00000000c5800000, 0x00000000c5800000|100%| E|CS|TAMS 0x00000000c5700000, 0x00000000c5700000| Complete 
|  60|0x00000000c5800000, 0x00000000c5900000, 0x00000000c5900000|100%| E|CS|TAMS 0x00000000c5800000, 0x00000000c5800000| Complete 
|  61|0x00000000c5900000, 0x00000000c5a00000, 0x00000000c5a00000|100%| E|CS|TAMS 0x00000000c5900000, 0x00000000c5900000| Complete 
|  62|0x00000000c5a00000, 0x00000000c5b00000, 0x00000000c5b00000|100%| E|CS|TAMS 0x00000000c5a00000, 0x00000000c5a00000| Complete 
|  63|0x00000000c5b00000, 0x00000000c5c00000, 0x00000000c5c00000|100%| E|CS|TAMS 0x00000000c5b00000, 0x00000000c5b00000| Complete 

Card table byte_map: [0x000000a996a60000,0x000000a996c60000] _byte_map_base: 0x000000a996452000

Marking Bits (Prev, Next): (CMBitMap*) 0x000000a9ffd5fd50, (CMBitMap*) 0x000000a9ffd5fd90
 Prev Bits: [0x000000a996e60000, 0x000000a997df0000)
 Next Bits: [0x000000a997df0000, 0x000000a998d80000)

Polling page: 0x000000a9fdad0000

Metaspace:

Usage:
  Non-class:     15.00 MB used.
      Class:      1.77 MB used.
       Both:     16.77 MB used.

Virtual space:
  Non-class space:       64.00 MB reserved,      15.06 MB ( 24%) committed,  1 nodes.
      Class space:        1.00 GB reserved,       1.94 MB ( <1%) committed,  1 nodes.
             Both:        1.06 GB reserved,      17.00 MB (  2%) committed. 

Chunk freelists:
   Non-Class:  128.00 KB
       Class:  14.00 MB
        Both:  14.12 MB

MaxMetaspaceSize: unlimited
CompressedClassSpaceSize: 1.00 GB
Initial GC threshold: 21.00 MB
Current GC threshold: 21.00 MB
CDS: on
MetaspaceReclaimPolicy: balanced
 - commit_granule_bytes: 65536.
 - commit_granule_words: 8192.
 - virtual_space_node_default_size: 8388608.
 - enlarge_chunks_in_place: 1.
 - new_chunks_are_fully_committed: 0.
 - uncommit_free_chunks: 1.
 - use_allocation_guard: 0.
 - handle_deallocations: 1.


Internal statistics:

num_allocs_failed_limit: 0.
num_arena_births: 188.
num_arena_deaths: 0.
num_vsnodes_births: 2.
num_vsnodes_deaths: 0.
num_space_committed: 272.
num_space_uncommitted: 0.
num_chunks_returned_to_freelist: 0.
num_chunks_taken_from_freelist: 613.
num_chunk_merges: 0.
num_chunk_splits: 380.
num_chunks_enlarged: 243.
num_inconsistent_stats: 0.

CodeHeap 'non-profiled nmethods': size=120000Kb used=1398Kb max_used=1398Kb free=118601Kb
 bounds [0x000000a98f530000, 0x000000a98f7a0000, 0x000000a996a60000]
CodeHeap 'profiled nmethods': size=120000Kb used=6843Kb max_used=6843Kb free=113156Kb
 bounds [0x000000a987a60000, 0x000000a988110000, 0x000000a98ef90000]
CodeHeap 'non-nmethods': size=5760Kb used=1244Kb max_used=1283Kb free=4515Kb
 bounds [0x000000a98ef90000, 0x000000a98f200000, 0x000000a98f530000]
 total_blobs=4019 nmethods=3468 adapters=463
 compilation: enabled
              stopped_count=0, restarted_count=0
 full_count=0

Compilation events (20 events):
Event: 34541.796 Thread 0x000000a99b572270 3459       3       sun.security.util.KnownOIDs::findMatch (57 bytes)
Event: 34541.799 Thread 0x000000a99b572270 nmethod 3459 0x000000a98810c690 code [0x000000a98810c880, 0x000000a98810cd88]
Event: 34591.928 Thread 0x000000a99b571870 3460       4       org.apache.http.message.BasicListHeaderIterator::filterHeader (37 bytes)
Event: 34591.963 Thread 0x000000a99b571870 nmethod 3460 0x000000a98f68a990 code [0x000000a98f68ab60, 0x000000a98f68b498]
Event: 34642.891 Thread 0x000000a99b572270 3461       3       java.nio.HeapByteBuffer::compact (85 bytes)
Event: 34642.901 Thread 0x000000a99b572270 nmethod 3461 0x000000a98810cf10 code [0x000000a98810d100, 0x000000a98810d728]
Event: 34642.901 Thread 0x000000a99b572270 3462       3       java.nio.Buffer::discardMark (6 bytes)
Event: 34642.901 Thread 0x000000a99b572270 nmethod 3462 0x000000a98810d910 code [0x000000a98810daa0, 0x000000a98810dbb8]
Event: 34643.552 Thread 0x000000a99b571870 3463       4       sun.security.ec.XDHPublicKeyImpl::swap (15 bytes)
Event: 34643.554 Thread 0x000000a99b571870 nmethod 3463 0x000000a98f68bb90 code [0x000000a98f68bd00, 0x000000a98f68bdd8]
Event: 34643.688 Thread 0x000000a99b571870 3464 %     4       java.math.BigInteger::montReduce @ 9 (99 bytes)
Event: 34643.743 Thread 0x000000a99b571870 nmethod 3464% 0x000000a98f68bf10 code [0x000000a98f68c0c0, 0x000000a98f68cd08]
Event: 34744.350 Thread 0x000000a99b572270 3465       1       org.apache.http.entity.ContentType::getMimeType (5 bytes)
Event: 34744.351 Thread 0x000000a99b572270 nmethod 3465 0x000000a98f68d190 code [0x000000a98f68d320, 0x000000a98f68d3f8]
Event: 34744.851 Thread 0x000000a99b572270 3466       3       org.apache.http.util.Args::notBlank (67 bytes)
Event: 34744.859 Thread 0x000000a99b572270 nmethod 3466 0x000000a98810dc90 code [0x000000a98810df60, 0x000000a98810eb48]
Event: 34744.859 Thread 0x000000a99b572270 3467       1       java.net.InetSocketAddress$InetSocketAddressHolder::getAddress (5 bytes)
Event: 34744.860 Thread 0x000000a99b572270 nmethod 3467 0x000000a98f68d490 code [0x000000a98f68d620, 0x000000a98f68d6f8]
Event: 34744.897 Thread 0x000000a99b572270 3468       1       sun.security.ssl.SSLContextImpl$AbstractTLSContext::isDTLS (2 bytes)
Event: 34744.897 Thread 0x000000a99b572270 nmethod 3468 0x000000a98f68d790 code [0x000000a98f68d920, 0x000000a98f68d9f8]

GC Heap History (7 events):
Event: 1.386 GC heap before
{Heap before GC invocations=0 (full 0):
 garbage-first heap   total 65536K, used 13312K [0x00000000c1c00000, 0x0000000100000000)
  region size 1024K, 13 young (13312K), 0 survivors (0K)
 Metaspace       used 3392K, committed 3584K, reserved 1114112K
  class space    used 289K, committed 384K, reserved 1048576K
}
Event: 1.409 GC heap after
{Heap after GC invocations=1 (full 0):
 garbage-first heap   total 65536K, used 3354K [0x00000000c1c00000, 0x0000000100000000)
  region size 1024K, 2 young (2048K), 2 survivors (2048K)
 Metaspace       used 3392K, committed 3584K, reserved 1114112K
  class space    used 289K, committed 384K, reserved 1048576K
}
Event: 2.655 GC heap before
{Heap before GC invocations=1 (full 0):
 garbage-first heap   total 65536K, used 15642K [0x00000000c1c00000, 0x0000000100000000)
  region size 1024K, 14 young (14336K), 2 survivors (2048K)
 Metaspace       used 8021K, committed 8256K, reserved 1114112K
  class space    used 813K, committed 960K, reserved 1048576K
}
Event: 2.673 GC heap after
{Heap after GC invocations=2 (full 0):
 garbage-first heap   total 65536K, used 5892K [0x00000000c1c00000, 0x0000000100000000)
  region size 1024K, 2 young (2048K), 2 survivors (2048K)
 Metaspace       used 8021K, committed 8256K, reserved 1114112K
  class space    used 813K, committed 960K, reserved 1048576K
}
Event: 4.342 GC heap before
{Heap before GC invocations=2 (full 0):
 garbage-first heap   total 65536K, used 25348K [0x00000000c1c00000, 0x0000000100000000)
  region size 1024K, 22 young (22528K), 2 survivors (2048K)
 Metaspace       used 15312K, committed 15424K, reserved 1114112K
  class space    used 1695K, committed 1728K, reserved 1048576K
}
Event: 4.354 GC heap after
{Heap after GC invocations=3 (full 0):
 garbage-first heap   total 65536K, used 8969K [0x00000000c1c00000, 0x0000000100000000)
  region size 1024K, 3 young (3072K), 3 survivors (3072K)
 Metaspace       used 15312K, committed 15424K, reserved 1114112K
  class space    used 1695K, committed 1728K, reserved 1048576K
}
Event: 34744.947 GC heap before
{Heap before GC invocations=3 (full 0):
 garbage-first heap   total 65536K, used 36617K [0x00000000c1c00000, 0x0000000100000000)
  region size 1024K, 30 young (30720K), 3 survivors (3072K)
 Metaspace       used 17173K, committed 17408K, reserved 1114112K
  class space    used 1810K, committed 1984K, reserved 1048576K
}

Dll operation events (12 events):
Event: 0.018 Loaded shared library C:\Users\Анастасия\.jdks\corretto-17.0.10\bin\java.dll
Event: 0.129 Loaded shared library C:\Users\Анастасия\.jdks\corretto-17.0.10\bin\jsvml.dll
Event: 0.345 Loaded shared library C:\Users\Анастасия\.jdks\corretto-17.0.10\bin\zip.dll
Event: 0.351 Loaded shared library C:\Users\Анастасия\.jdks\corretto-17.0.10\bin\instrument.dll
Event: 0.365 Loaded shared library C:\Users\Анастасия\.jdks\corretto-17.0.10\bin\net.dll
Event: 0.369 Loaded shared library C:\Users\Анастасия\.jdks\corretto-17.0.10\bin\nio.dll
Event: 0.379 Loaded shared library C:\Users\Анастасия\.jdks\corretto-17.0.10\bin\zip.dll
Event: 0.532 Loaded shared library C:\Program Files\JetBrains\IntelliJ IDEA 2022.1.2\bin\breakgen64.dll
Event: 0.563 Loaded shared library C:\Users\Анастасия\.jdks\corretto-17.0.10\bin\extnet.dll
Event: 0.633 Loaded shared library C:\Users\Анастасия\.jdks\corretto-17.0.10\bin\jimage.dll
Event: 2.013 Loaded shared library C:\Users\Анастасия\.jdks\corretto-17.0.10\bin\verify.dll
Event: 3.471 Loaded shared library C:\Users\Анастасия\.jdks\corretto-17.0.10\bin\sunmscapi.dll

Deoptimization events (20 events):
Event: 33731.320 Thread 0x000000a9e1e22bf0 DEOPT PACKING pc=0x000000a987d86be6 sp=0x000000a9ea15dff0
Event: 33731.322 Thread 0x000000a9e1e22bf0 DEOPT UNPACKING pc=0x000000a98efe7143 sp=0x000000a9ea15d470 mode 0
Event: 33832.574 Thread 0x000000a9e1e22bf0 DEOPT PACKING pc=0x000000a987faa038 sp=0x000000a9ea15e100
Event: 33832.575 Thread 0x000000a9e1e22bf0 DEOPT UNPACKING pc=0x000000a98efe7143 sp=0x000000a9ea15d580 mode 0
Event: 34440.487 Thread 0x000000a9e1e22bf0 Uncommon trap: trap_request=0xffffffbe fr.pc=0x000000a98f687d30 relative=0x00000000000000b0
Event: 34440.487 Thread 0x000000a9e1e22bf0 Uncommon trap: reason=profile_predicate action=maybe_recompile pc=0x000000a98f687d30 method=java.math.BigInteger.longValue()J @ 5 c2
Event: 34440.487 Thread 0x000000a9e1e22bf0 DEOPT PACKING pc=0x000000a98f687d30 sp=0x000000a9ea15df40
Event: 34440.487 Thread 0x000000a9e1e22bf0 DEOPT UNPACKING pc=0x000000a98efe69a3 sp=0x000000a9ea15dec0 mode 2
Event: 34440.487 Thread 0x000000a9e1e22bf0 Uncommon trap: trap_request=0xffffffbe fr.pc=0x000000a98f687d30 relative=0x00000000000000b0
Event: 34440.487 Thread 0x000000a9e1e22bf0 Uncommon trap: reason=profile_predicate action=maybe_recompile pc=0x000000a98f687d30 method=java.math.BigInteger.longValue()J @ 5 c2
Event: 34440.487 Thread 0x000000a9e1e22bf0 DEOPT PACKING pc=0x000000a98f687d30 sp=0x000000a9ea15df40
Event: 34440.487 Thread 0x000000a9e1e22bf0 DEOPT UNPACKING pc=0x000000a98efe69a3 sp=0x000000a9ea15dec0 mode 2
Event: 34440.487 Thread 0x000000a9e1e22bf0 Uncommon trap: trap_request=0xffffffbe fr.pc=0x000000a98f687d30 relative=0x00000000000000b0
Event: 34440.487 Thread 0x000000a9e1e22bf0 Uncommon trap: reason=profile_predicate action=maybe_recompile pc=0x000000a98f687d30 method=java.math.BigInteger.longValue()J @ 5 c2
Event: 34440.487 Thread 0x000000a9e1e22bf0 DEOPT PACKING pc=0x000000a98f687d30 sp=0x000000a9ea15df40
Event: 34440.487 Thread 0x000000a9e1e22bf0 DEOPT UNPACKING pc=0x000000a98efe69a3 sp=0x000000a9ea15dec0 mode 2
Event: 34440.487 Thread 0x000000a9e1e22bf0 Uncommon trap: trap_request=0xffffffbe fr.pc=0x000000a98f687d30 relative=0x00000000000000b0
Event: 34440.487 Thread 0x000000a9e1e22bf0 Uncommon trap: reason=profile_predicate action=maybe_recompile pc=0x000000a98f687d30 method=java.math.BigInteger.longValue()J @ 5 c2
Event: 34440.487 Thread 0x000000a9e1e22bf0 DEOPT PACKING pc=0x000000a98f687d30 sp=0x000000a9ea15df40
Event: 34440.487 Thread 0x000000a9e1e22bf0 DEOPT UNPACKING pc=0x000000a98efe69a3 sp=0x000000a9ea15dec0 mode 2

Classes unloaded (0 events):
No events

Classes redefined (0 events):
No events

Internal exceptions (18 events):
Event: 0.543 Thread 0x000000a9e1482e80 Exception <a 'java/lang/NoSuchMethodError'{0x00000000c58edca0}: 'java.lang.Object java.lang.invoke.DirectMethodHandle$Holder.invokeStaticInit(java.lang.Object)'> (0x00000000c58edca0) 
thrown [s\src\hotspot\share\interpreter\linkResolver.cpp, line 759]
Event: 0.565 Thread 0x000000a9e1482e80 Exception <a 'java/lang/NoSuchMethodError'{0x00000000c58fc738}: 'void java.lang.invoke.DirectMethodHandle$Holder.invokeStatic(java.lang.Object, java.lang.Object)'> (0x00000000c58fc738) 
thrown [s\src\hotspot\share\interpreter\linkResolver.cpp, line 759]
Event: 0.645 Thread 0x000000a9ffd24a90 Exception <a 'java/lang/NoSuchMethodError'{0x00000000c562c5b0}: 'java.lang.Object java.lang.invoke.Invokers$Holder.invoke_MT(java.lang.Object, java.lang.Object, java.lang.Object)'> (0x00000000c562c5b0) 
thrown [s\src\hotspot\share\interpreter\linkResolver.cpp, line 759]
Event: 2.062 Thread 0x000000a9ffd24a90 Exception <a 'java/lang/NoClassDefFoundError'{0x00000000c53dba88}: org/apache/log4j/Priority> (0x00000000c53dba88) 
thrown [s\src\hotspot\share\classfile\systemDictionary.cpp, line 245]
Event: 2.334 Thread 0x000000a9ffd24a90 Exception <a 'sun/nio/fs/WindowsException'{0x00000000c51182b8}> (0x00000000c51182b8) 
thrown [s\src\hotspot\share\prims\jni.cpp, line 516]
Event: 2.369 Thread 0x000000a9ffd24a90 Exception <a 'java/lang/NoSuchMethodError'{0x00000000c513e980}: 'int java.lang.invoke.DirectMethodHandle$Holder.invokeStaticInit(java.lang.Object, java.lang.Object, java.lang.Object, java.lang.Object)'> (0x00000000c513e980) 
thrown [s\src\hotspot\share\interpreter\linkResolver.cpp, line 759]
Event: 2.374 Thread 0x000000a9ffd24a90 Exception <a 'java/lang/NoSuchMethodError'{0x00000000c5148cd0}: 'java.lang.Object java.lang.invoke.DirectMethodHandle$Holder.invokeInterface(java.lang.Object, java.lang.Object)'> (0x00000000c5148cd0) 
thrown [s\src\hotspot\share\interpreter\linkResolver.cpp, line 759]
Event: 2.375 Thread 0x000000a9ffd24a90 Exception <a 'java/lang/IncompatibleClassChangeError'{0x00000000c514c4c8}: Found class java.lang.Object, but interface was expected> (0x00000000c514c4c8) 
thrown [s\src\hotspot\share\interpreter\linkResolver.cpp, line 826]
Event: 2.377 Thread 0x000000a9ffd24a90 Exception <a 'java/lang/NoSuchMethodError'{0x00000000c514f518}: 'void java.lang.invoke.DirectMethodHandle$Holder.invokeStaticInit(java.lang.Object, java.lang.Object)'> (0x00000000c514f518) 
thrown [s\src\hotspot\share\interpreter\linkResolver.cpp, line 759]
Event: 2.379 Thread 0x000000a9ffd24a90 Exception <a 'java/lang/NoSuchMethodError'{0x00000000c51553c8}: 'int java.lang.invoke.DirectMethodHandle$Holder.invokeStaticInit(java.lang.Object, java.lang.Object)'> (0x00000000c51553c8) 
thrown [s\src\hotspot\share\interpreter\linkResolver.cpp, line 759]
Event: 2.801 Thread 0x000000a9ffd24a90 Exception <a 'java/lang/NoSuchMethodError'{0x00000000c5782308}: 'java.lang.Object java.lang.invoke.DirectMethodHandle$Holder.invokeStaticInit(java.lang.Object, int, int, int, int)'> (0x00000000c5782308) 
thrown [s\src\hotspot\share\interpreter\linkResolver.cpp, line 759]
Event: 2.899 Thread 0x000000a9ffd24a90 Exception <a 'java/lang/NoSuchMethodError'{0x00000000c565d210}: 'java.lang.Object java.lang.invoke.DirectMethodHandle$Holder.invokeStaticInit(java.lang.Object, java.lang.Object, int, int, int, int)'> (0x00000000c565d210) 
thrown [s\src\hotspot\share\interpreter\linkResolver.cpp, line 759]
Event: 3.150 Thread 0x000000a9ffd24a90 Exception <a 'java/lang/NoSuchMethodError'{0x00000000c5355be0}: 'void java.lang.invoke.DirectMethodHandle$Holder.invokeSpecial(java.lang.Object, java.lang.Object, java.lang.Object, java.lang.Object, java.lang.Object)'> (0x00000000c5355be0) 
thrown [s\src\hotspot\share\interpreter\linkResolver.cpp, line 759]
Event: 3.206 Thread 0x000000a9ffd24a90 Exception <a 'java/lang/NoSuchMethodError'{0x00000000c53e5a38}: 'java.lang.Object java.lang.invoke.DirectMethodHandle$Holder.newInvokeSpecial(java.lang.Object, java.lang.Object, java.lang.Object, java.lang.Object, java.lang.Object)'> (0x00000000c53e5a38) 
thrown [s\src\hotspot\share\interpreter\linkResolver.cpp, line 759]
Event: 4.577 Thread 0x000000a9e1e22bf0 Exception <a 'java/lang/NoSuchMethodError'{0x00000000c574f458}: 'int java.lang.invoke.DirectMethodHandle$Holder.invokeSpecial(java.lang.Object, java.lang.Object, java.lang.Object)'> (0x00000000c574f458) 
thrown [s\src\hotspot\share\interpreter\linkResolver.cpp, line 759]
Event: 4.582 Thread 0x000000a9e1e23550 Exception <a 'java/lang/NoSuchMethodError'{0x00000000c5762998}: 'void java.lang.invoke.DirectMethodHandle$Holder.invokeInterface(java.lang.Object, java.lang.Object, java.lang.Object)'> (0x00000000c5762998) 
thrown [s\src\hotspot\share\interpreter\linkResolver.cpp, line 759]
Event: 107.969 Thread 0x000000a9e1e22bf0 Implicit null exception at 0x000000a98f61afb9 to 0x000000a98f61b234
Event: 32647.411 Thread 0x000000a9e1482e80 Exception <a 'sun/net/ConnectionResetException'{0x00000000c4be41e0}: Connection reset> (0x00000000c4be41e0) 
thrown [s\src\hotspot\share\prims\jni.cpp, line 535]

VM Operations (20 events):
Event: 33731.423 Executing VM operation: Cleanup done
Event: 33833.484 Executing VM operation: Cleanup
Event: 33833.484 Executing VM operation: Cleanup done
Event: 33934.623 Executing VM operation: Cleanup
Event: 33934.624 Executing VM operation: Cleanup done
Event: 34035.733 Executing VM operation: Cleanup
Event: 34035.733 Executing VM operation: Cleanup done
Event: 34136.862 Executing VM operation: Cleanup
Event: 34136.862 Executing VM operation: Cleanup done
Event: 34187.883 Executing VM operation: Cleanup
Event: 34187.883 Executing VM operation: Cleanup done
Event: 34238.908 Executing VM operation: Cleanup
Event: 34238.908 Executing VM operation: Cleanup done
Event: 34339.997 Executing VM operation: Cleanup
Event: 34339.997 Executing VM operation: Cleanup done
Event: 34441.059 Executing VM operation: Cleanup
Event: 34441.059 Executing VM operation: Cleanup done
Event: 34542.122 Executing VM operation: Cleanup
Event: 34542.122 Executing VM operation: Cleanup done
Event: 34744.944 Executing VM operation: G1CollectForAllocation

Events (20 events):
Event: 107.862 loading class sun/security/ssl/Alert$Level done
Event: 107.918 loading class sun/security/ssl/PreSharedKeyExtension$PskIdentity
Event: 107.919 loading class sun/security/ssl/PreSharedKeyExtension$PskIdentity done
Event: 107.920 loading class sun/security/ssl/PreSharedKeyExtension$CHPreSharedKeySpec
Event: 107.920 loading class sun/security/ssl/PreSharedKeyExtension$CHPreSharedKeySpec done
Event: 107.920 loading class sun/security/ssl/PreSharedKeyExtension$PartialClientHelloMessage
Event: 107.921 loading class sun/security/ssl/PreSharedKeyExtension$PartialClientHelloMessage done
Event: 107.921 loading class sun/security/ssl/SSLEngineOutputRecord
Event: 107.921 loading class sun/security/ssl/SSLEngineOutputRecord done
Event: 107.923 loading class sun/security/ssl/SSLEngineOutputRecord$HandshakeFragment
Event: 107.923 loading class sun/security/ssl/SSLEngineOutputRecord$HandshakeFragment done
Event: 107.923 loading class sun/security/ssl/SSLEngineOutputRecord$HandshakeMemo
Event: 107.923 loading class sun/security/ssl/SSLEngineOutputRecord$RecordMemo
Event: 107.923 loading class sun/security/ssl/SSLEngineOutputRecord$RecordMemo done
Event: 107.923 loading class sun/security/ssl/SSLEngineOutputRecord$HandshakeMemo done
Event: 31801.621 loading class sun/security/ssl/PreSharedKeyExtension$SHPreSharedKeySpec
Event: 31801.632 loading class sun/security/ssl/PreSharedKeyExtension$SHPreSharedKeySpec done
Event: 32647.403 loading class sun/net/ConnectionResetException
Event: 32647.409 loading class sun/net/ConnectionResetException done
Event: 32647.420 Thread 0x000000a9e1482e80 Thread exited: 0x000000a9e1482e80


Dynamic libraries:
0x00007ff7474c0000 - 0x00007ff7474ce000 	C:\Users\Анастасия\.jdks\corretto-17.0.10\bin\java.exe
0x00007ffa9a770000 - 0x00007ffa9a91d000 	C:\WINDOWS\SYSTEM32\ntdll.dll
0x00007ffa9a290000 - 0x00007ffa9a3cf000 	C:\WINDOWS\system32\KERNEL32.DLL
0x00007ffa97960000 - 0x00007ffa97a74000 	C:\WINDOWS\system32\KERNELBASE.dll
0x00007ffa87380000 - 0x00007ffa87397000 	C:\Users\Анастасия\.jdks\corretto-17.0.10\bin\jli.dll
0x00007ffa86b90000 - 0x00007ffa86bab000 	C:\Users\Анастасия\.jdks\corretto-17.0.10\bin\VCRUNTIME140.dll
0x00007ffa8cd00000 - 0x00007ffa8cd04000 	C:\Users\Анастасия\.jdks\corretto-17.0.10\bin\api-ms-win-crt-stdio-l1-1-0.dll
0x00007ffa8a010000 - 0x00007ffa8a014000 	C:\Users\Анастасия\.jdks\corretto-17.0.10\bin\api-ms-win-crt-runtime-l1-1-0.dll
0x00007ffa876c0000 - 0x00007ffa876c3000 	C:\Users\Анастасия\.jdks\corretto-17.0.10\bin\api-ms-win-crt-environment-l1-1-0.dll
0x00007ffa87370000 - 0x00007ffa87375000 	C:\Users\Анастасия\.jdks\corretto-17.0.10\bin\api-ms-win-crt-math-l1-1-0.dll
0x00007ffa85fd0000 - 0x00007ffa85fd3000 	C:\Users\Анастасия\.jdks\corretto-17.0.10\bin\api-ms-win-crt-locale-l1-1-0.dll
0x00007ffa85fc0000 - 0x00007ffa85fc3000 	C:\Users\Анастасия\.jdks\corretto-17.0.10\bin\api-ms-win-crt-heap-l1-1-0.dll
0x00007ffa94380000 - 0x00007ffa945fb000 	C:\WINDOWS\WinSxS\amd64_microsoft.windows.common-controls_6595b64144ccf1df_6.0.9600.19394_none_62486577ecb635cf\COMCTL32.dll
0x00007ffa97ec0000 - 0x00007ffa98037000 	C:\WINDOWS\system32\USER32.dll
0x00007ffa85fb0000 - 0x00007ffa85fb3000 	C:\Users\Анастасия\.jdks\corretto-17.0.10\bin\api-ms-win-crt-filesystem-l1-1-0.dll
0x00007ffa85fa0000 - 0x00007ffa85fa4000 	C:\Users\Анастасия\.jdks\corretto-17.0.10\bin\api-ms-win-crt-string-l1-1-0.dll
0x00007ffa85c60000 - 0x00007ffa85c64000 	C:\Users\Анастасия\.jdks\corretto-17.0.10\bin\api-ms-win-crt-convert-l1-1-0.dll
0x00007ffa9a1e0000 - 0x00007ffa9a28a000 	C:\WINDOWS\system32\msvcrt.dll
0x00007ffa99a80000 - 0x00007ffa99bcf000 	C:\WINDOWS\system32\GDI32.dll
0x00007ffa77930000 - 0x00007ffa77a22000 	C:\Users\Анастасия\.jdks\corretto-17.0.10\bin\ucrtbase.DLL
0x00007ffa99f80000 - 0x00007ffa99fb6000 	C:\WINDOWS\system32\IMM32.DLL
0x00007ffa9a3d0000 - 0x00007ffa9a521000 	C:\WINDOWS\system32\MSCTF.dll
0x00007ffa85c50000 - 0x00007ffa85c5c000 	C:\Users\Анастасия\.jdks\corretto-17.0.10\bin\vcruntime140_1.dll
0x00007ffa77be0000 - 0x00007ffa77c6d000 	C:\Users\Анастасия\.jdks\corretto-17.0.10\bin\msvcp140.dll
0x00007ffa85c40000 - 0x00007ffa85c43000 	C:\Users\Анастасия\.jdks\corretto-17.0.10\bin\api-ms-win-crt-time-l1-1-0.dll
0x00007ffa85340000 - 0x00007ffa85343000 	C:\Users\Анастасия\.jdks\corretto-17.0.10\bin\api-ms-win-crt-utility-l1-1-0.dll
0x00007ffa3c300000 - 0x00007ffa3cf62000 	C:\Users\Анастасия\.jdks\corretto-17.0.10\bin\server\jvm.dll
0x00007ffa99db0000 - 0x00007ffa99e5d000 	C:\WINDOWS\system32\ADVAPI32.dll
0x00007ffa977b0000 - 0x00007ffa977f6000 	C:\WINDOWS\SYSTEM32\POWRPROF.dll
0x00007ffa76b60000 - 0x00007ffa76b69000 	C:\WINDOWS\SYSTEM32\WSOCK32.dll
0x00007ffa8fae0000 - 0x00007ffa8fb02000 	C:\WINDOWS\SYSTEM32\WINMM.dll
0x00007ffa8fa90000 - 0x00007ffa8fa9a000 	C:\WINDOWS\SYSTEM32\VERSION.dll
0x00007ffa9a530000 - 0x00007ffa9a58b000 	C:\WINDOWS\SYSTEM32\sechost.dll
0x00007ffa98040000 - 0x00007ffa98175000 	C:\WINDOWS\system32\RPCRT4.dll
0x00007ffa9a180000 - 0x00007ffa9a1da000 	C:\WINDOWS\system32\WS2_32.dll
0x00007ffa8fab0000 - 0x00007ffa8fada000 	C:\WINDOWS\SYSTEM32\WINMMBASE.dll
0x00007ffa978e0000 - 0x00007ffa9790e000 	C:\WINDOWS\system32\SspiCli.dll
0x00007ffa99850000 - 0x00007ffa99859000 	C:\WINDOWS\system32\NSI.dll
0x00007ffa97910000 - 0x00007ffa9795f000 	C:\WINDOWS\SYSTEM32\cfgmgr32.dll
0x00007ffa96660000 - 0x00007ffa96688000 	C:\WINDOWS\SYSTEM32\DEVOBJ.dll
0x00007ffa96630000 - 0x00007ffa9663b000 	C:\WINDOWS\SYSTEM32\kernel.appcore.dll
0x00007ffa85330000 - 0x00007ffa8533a000 	C:\Users\Анастасия\.jdks\corretto-17.0.10\bin\jimage.dll
0x00007ffa8f360000 - 0x00007ffa8f4ea000 	C:\WINDOWS\SYSTEM32\DBGHELP.DLL
0x00007ffa8c920000 - 0x00007ffa8c92e000 	C:\Users\Анастасия\.jdks\corretto-17.0.10\bin\instrument.dll
0x00007ffa84f60000 - 0x00007ffa84f85000 	C:\Users\Анастасия\.jdks\corretto-17.0.10\bin\java.dll
0x00007ffa4a120000 - 0x00007ffa4a1f7000 	C:\Users\Анастасия\.jdks\corretto-17.0.10\bin\jsvml.dll
0x00007ffa98180000 - 0x00007ffa996af000 	C:\WINDOWS\system32\SHELL32.dll
0x00007ffa99860000 - 0x00007ffa99a72000 	C:\WINDOWS\SYSTEM32\combase.dll
0x00007ffa9a5c0000 - 0x00007ffa9a614000 	C:\WINDOWS\system32\SHLWAPI.dll
0x00007ffa95a50000 - 0x00007ffa95b02000 	C:\WINDOWS\SYSTEM32\SHCORE.dll
0x00007ffa97810000 - 0x00007ffa97825000 	C:\WINDOWS\SYSTEM32\profapi.dll
0x00007ffa7b610000 - 0x00007ffa7b628000 	C:\Users\Анастасия\.jdks\corretto-17.0.10\bin\zip.dll
0x00007ffa85110000 - 0x00007ffa85129000 	C:\Users\Анастасия\.jdks\corretto-17.0.10\bin\net.dll
0x00007ffa89ce0000 - 0x00007ffa89da9000 	C:\WINDOWS\SYSTEM32\WINHTTP.dll
0x00007ffa97050000 - 0x00007ffa970a9000 	C:\WINDOWS\system32\mswsock.dll
0x00007ffa84e80000 - 0x00007ffa84e96000 	C:\Users\Анастасия\.jdks\corretto-17.0.10\bin\nio.dll
0x00007ffa880d0000 - 0x00007ffa880ea000 	C:\Program Files\JetBrains\IntelliJ IDEA 2022.1.2\bin\breakgen64.dll
0x00007ffa84fb0000 - 0x00007ffa84fb9000 	C:\Users\Анастасия\.jdks\corretto-17.0.10\bin\extnet.dll
0x00007ffa84f50000 - 0x00007ffa84f60000 	C:\Users\Анастасия\.jdks\corretto-17.0.10\bin\verify.dll
0x00007ffa970b0000 - 0x00007ffa970d0000 	C:\WINDOWS\SYSTEM32\CRYPTSP.dll
0x00007ffa96cd0000 - 0x00007ffa96d06000 	C:\WINDOWS\system32\rsaenh.dll
0x00007ffa972f0000 - 0x00007ffa97316000 	C:\WINDOWS\SYSTEM32\bcrypt.dll
0x00007ffa96de0000 - 0x00007ffa96e01000 	C:\WINDOWS\SYSTEM32\USERENV.dll
0x00007ffa97610000 - 0x00007ffa97673000 	C:\WINDOWS\system32\bcryptprimitives.dll
0x00007ffa97780000 - 0x00007ffa9778b000 	C:\WINDOWS\SYSTEM32\CRYPTBASE.dll
0x00007ffa923a0000 - 0x00007ffa923ca000 	C:\WINDOWS\SYSTEM32\IPHLPAPI.DLL
0x00007ffa92380000 - 0x00007ffa9238a000 	C:\WINDOWS\SYSTEM32\WINNSI.DLL
0x00007ffa91e40000 - 0x00007ffa91e56000 	C:\WINDOWS\SYSTEM32\dhcpcsvc6.DLL
0x00007ffa92040000 - 0x00007ffa9205a000 	C:\WINDOWS\SYSTEM32\dhcpcsvc.DLL
0x00007ffa96e50000 - 0x00007ffa96ef4000 	C:\WINDOWS\SYSTEM32\DNSAPI.dll
0x00007ffa8fa20000 - 0x00007ffa8fa2a000 	C:\Windows\System32\rasadhlp.dll
0x00007ffa91f60000 - 0x00007ffa91fcb000 	C:\WINDOWS\System32\fwpuclnt.dll
0x00007ffa8c980000 - 0x00007ffa8c98e000 	C:\Users\Анастасия\.jdks\corretto-17.0.10\bin\sunmscapi.dll
0x00007ffa97a80000 - 0x00007ffa97cd7000 	C:\WINDOWS\system32\CRYPT32.dll
0x00007ffa972c0000 - 0x00007ffa972e5000 	C:\WINDOWS\SYSTEM32\ncrypt.dll
0x00007ffa978c0000 - 0x00007ffa978d1000 	C:\WINDOWS\system32\MSASN1.dll
0x00007ffa97280000 - 0x00007ffa972b7000 	C:\WINDOWS\SYSTEM32\NTASN1.dll

dbghelp: loaded successfully - version: 4.0.5 - missing functions: none
symbol engine: initialized successfully - sym options: 0x614 - pdb path: .;C:\Users\Анастасия\.jdks\corretto-17.0.10\bin;C:\WINDOWS\SYSTEM32;C:\WINDOWS\WinSxS\amd64_microsoft.windows.common-controls_6595b64144ccf1df_6.0.9600.19394_none_62486577ecb635cf;C:\Users\Анастасия\.jdks\corretto-17.0.10\bin\server;C:\Program Files\JetBrains\IntelliJ IDEA 2022.1.2\bin

VM Arguments:
jvm_args: -javaagent:C:\Program Files\JetBrains\IntelliJ IDEA 2022.1.2\lib\idea_rt.jar=51686:C:\Program Files\JetBrains\IntelliJ IDEA 2022.1.2\bin -Dfile.encoding=UTF-8 
java_command: com.javarush.telegrambot.MyFirstTelegramBot
java_class_path (initial): C:\Users\Анастасия\Downloads\TelegramBot\target\classes;C:\Users\Анастасия\.m2\repository\org\telegram\telegrambots\6.3.0\telegrambots-6.3.0.jar;C:\Users\Анастасия\.m2\repository\org\telegram\telegrambots-meta\6.3.0\telegrambots-meta-6.3.0.jar;C:\Users\Анастасия\.m2\repository\com\google\guava\guava\31.1-jre\guava-31.1-jre.jar;C:\Users\Анастасия\.m2\repository\com\google\guava\failureaccess\1.0.1\failureaccess-1.0.1.jar;C:\Users\Анастасия\.m2\repository\com\google\guava\listenablefuture\9999.0-empty-to-avoid-conflict-with-guava\listenablefuture-9999.0-empty-to-avoid-conflict-with-guava.jar;C:\Users\Анастасия\.m2\repository\com\google\code\findbugs\jsr305\3.0.2\jsr305-3.0.2.jar;C:\Users\Анастасия\.m2\repository\org\checkerframework\checker-qual\3.12.0\checker-qual-3.12.0.jar;C:\Users\Анастасия\.m2\repository\com\google\errorprone\error_prone_annotations\2.11.0\error_prone_annotations-2.11.0.jar;C:\Users\Анастасия\.m2\repository\com\google\j2objc\j2objc-annotations\1.3\j2objc-annotations-1.3.jar;C:\Users\Анастасия\.m2\repository\com\fasterxml\jackson\core\jackson-annotations\2.14.0\jackson-annotations-2.14.0.jar;C:\Users\Анастасия\.m2\repository\com\fasterxml\jackson\jaxrs\jackson-jaxrs-json-provider\2.14.0\jackson-jaxrs-json-provider-2.14.0.jar;C:\Users\Анастасия\.m2\repository\com\fasterxml\jackson\jaxrs\jackson-jaxrs-base\2.14.0\jackson-jaxrs-base-2.14.0.jar;C:\Users\Анастасия\.m2\repository\com\fasterxml\jackson\module\jackson-module-jaxb-annotations\2.14.0\jackson-module-jaxb-annotations-2.14.0.jar;C:\Users\Анастасия\.m2\repository\com\fasterxml\jackson\core\jackson-core\2.14.0\jackson-core-2.14.0.jar;C:\Users\Анастасия\.m2\repository\jakarta\xml\bind\jakarta.xml.bind-api\2.3.3\jakarta.xml.bind-api-2.3.3.jar;C:\Users\Анастасия\.m2\repository\com\fasterxml\jackson\core\jackson-databind\2.14.0\jackson-databind-2.14.0.jar;C:\Users\Анастасия\.m2\repository\org\glassfish\jersey\inject\jersey-hk2\2.35\jersey-hk2-2.35.jar;C:\Users\Анастасия\
Launcher Type: SUN_STANDARD

[Global flags]
     intx CICompilerCount                          = 3                                         {product} {ergonomic}
     uint ConcGCThreads                            = 1                                         {product} {ergonomic}
     uint G1ConcRefinementThreads                  = 4                                         {product} {ergonomic}
   size_t G1HeapRegionSize                         = 1048576                                   {product} {ergonomic}
    uintx GCDrainStackTargetSize                   = 64                                        {product} {ergonomic}
   size_t InitialHeapSize                          = 67108864                                  {product} {ergonomic}
   size_t MarkStackSize                            = 4194304                                   {product} {ergonomic}
   size_t MaxHeapSize                              = 1044381696                                {product} {ergonomic}
   size_t MaxNewSize                               = 625999872                                 {product} {ergonomic}
   size_t MinHeapDeltaBytes                        = 1048576                                   {product} {ergonomic}
   size_t MinHeapSize                              = 8388608                                   {product} {ergonomic}
    uintx NonNMethodCodeHeapSize                   = 5832780                                {pd product} {ergonomic}
    uintx NonProfiledCodeHeapSize                  = 122912730                              {pd product} {ergonomic}
    uintx ProfiledCodeHeapSize                     = 122912730                              {pd product} {ergonomic}
    uintx ReservedCodeCacheSize                    = 251658240                              {pd product} {ergonomic}
     bool SegmentedCodeCache                       = true                                      {product} {ergonomic}
   size_t SoftMaxHeapSize                          = 1044381696                             {manageable} {ergonomic}
     bool UseCompressedClassPointers               = true                           {product lp64_product} {ergonomic}
     bool UseCompressedOops                        = true                           {product lp64_product} {ergonomic}
     bool UseG1GC                                  = true                                      {product} {ergonomic}
     bool UseLargePagesIndividualAllocation        = false                                  {pd product} {ergonomic}

Logging:
Log output configuration:
 #0: stdout all=warning uptime,level,tags
 #1: stderr all=off uptime,level,tags

Environment Variables:
PATH=C:\Program Files (x86)\Intel\iCLS Client\;C:\Program Files\Intel\iCLS Client\;C:\WINDOWS\system32;C:\WINDOWS;C:\WINDOWS\System32\Wbem;C:\WINDOWS\System32\WindowsPowerShell\v1.0\;C:\Program Files\Intel\Intel(R) Management Engine Components\DAL;C:\Program Files\Intel\Intel(R) Management Engine Components\IPT;C:\Program Files (x86)\Intel\Intel(R) Management Engine Components\DAL;C:\Program Files (x86)\Intel\Intel(R) Management Engine Components\IPT;C:\Users\Анастасия\AppData\Local\Programs\Python\Python312\Scripts\;C:\Users\Анастасия\AppData\Local\Programs\Python\Python312\
USERNAME=Анастасия
OS=Windows_NT
PROCESSOR_IDENTIFIER=Intel64 Family 6 Model 69 Stepping 1, GenuineIntel
TMP=C:\Users\08DE~1\AppData\Local\Temp
TEMP=C:\Users\08DE~1\AppData\Local\Temp



Periodic native trim disabled


---------------  S Y S T E M  ---------------

OS:
 Windows 8.1 , 64 bit Build 9600 (6.3.9600.20778)
OS uptime: 14 days 21:47 hours

CPU: total 4 (initial active 4) (2 cores per cpu, 2 threads per core) family 6 model 69 stepping 1 microcode 0x18, cx8, cmov, fxsr, ht, mmx, sse, sse2, sse3, ssse3, sse4.1, sse4.2, popcnt, lzcnt, tsc, tscinvbit, avx, avx2, aes, erms, clmul, bmi1, bmi2, fma, vzeroupper, clflush
Processor Information for all 4 processors :
  Max Mhz: 2401, Current Mhz: 1500, Mhz Limit: 1488

Memory: 4k page, system-wide physical 3976M (236M free)
TotalPageFile size 15752M (AvailPageFile size 3117M)
current process WorkingSet (physical memory assigned to process): 46M, peak: 103M
current process commit charge ("private bytes"): 165M, peak: 186M

vm_info: OpenJDK 64-Bit Server VM (17.0.10+7-LTS) for windows-amd64 JRE (17.0.10+7-LTS), built on Jan 10 2024 22:11:07 by "Administrator" with MS VC++ 16.10 / 16.11 (VS2019)

END.
